{"C:\\Users\\Farhan\\BinarAcademy\\project-backend\\app.js": {"path":"C:\\Users\\Farhan\\BinarAcademy\\project-backend\\app.js","statementMap":{"0":{"start":{"line":1,"column":0},"end":{"line":1,"column":27}},"1":{"start":{"line":2,"column":0},"end":{"line":5,"column":1}},"2":{"start":{"line":3,"column":2},"end":{"line":3,"column":70}},"3":{"start":{"line":4,"column":2},"end":{"line":4,"column":18}},"4":{"start":{"line":6,"column":16},"end":{"line":6,"column":34}},"5":{"start":{"line":7,"column":13},"end":{"line":7,"column":28}},"6":{"start":{"line":8,"column":19},"end":{"line":8,"column":49}},"7":{"start":{"line":9,"column":26},"end":{"line":9,"column":63}},"8":{"start":{"line":10,"column":18},"end":{"line":10,"column":47}},"9":{"start":{"line":11,"column":21},"end":{"line":11,"column":45}},"10":{"start":{"line":13,"column":12},"end":{"line":13,"column":21}},"11":{"start":{"line":15,"column":0},"end":{"line":15,"column":16}},"12":{"start":{"line":16,"column":0},"end":{"line":16,"column":24}},"13":{"start":{"line":18,"column":23},"end":{"line":47,"column":1}},"14":{"start":{"line":49,"column":20},"end":{"line":49,"column":48}},"15":{"start":{"line":52,"column":0},"end":{"line":52,"column":68}},"16":{"start":{"line":53,"column":0},"end":{"line":53,"column":28}},"17":{"start":{"line":54,"column":0},"end":{"line":54,"column":44}},"18":{"start":{"line":56,"column":0},"end":{"line":58,"column":3}},"19":{"start":{"line":57,"column":2},"end":{"line":57,"column":59}},"20":{"start":{"line":61,"column":0},"end":{"line":64,"column":3}},"21":{"start":{"line":62,"column":2},"end":{"line":62,"column":27}},"22":{"start":{"line":63,"column":2},"end":{"line":63,"column":43}},"23":{"start":{"line":66,"column":0},"end":{"line":66,"column":21}}},"fnMap":{"0":{"name":"(anonymous_0)","decl":{"start":{"line":56,"column":13},"end":{"line":56,"column":14}},"loc":{"start":{"line":56,"column":27},"end":{"line":58,"column":1}},"line":56},"1":{"name":"(anonymous_1)","decl":{"start":{"line":61,"column":8},"end":{"line":61,"column":9}},"loc":{"start":{"line":61,"column":33},"end":{"line":64,"column":1}},"line":61}},"branchMap":{"0":{"loc":{"start":{"line":2,"column":0},"end":{"line":5,"column":1}},"type":"if","locations":[{"start":{"line":2,"column":0},"end":{"line":5,"column":1}},{"start":{},"end":{}}],"line":2}},"s":{"0":1,"1":1,"2":0,"3":0,"4":1,"5":1,"6":1,"7":1,"8":1,"9":1,"10":1,"11":1,"12":1,"13":1,"14":1,"15":1,"16":1,"17":1,"18":1,"19":0,"20":1,"21":0,"22":0,"23":1},"f":{"0":0,"1":0},"b":{"0":[0,1]},"_coverageSchema":"1a1c01bbd47fc00a2c39e90264f33305004495a9","hash":"4cecf3036fc9d997354472146be756ee9899fee5"}
,"C:\\Users\\Farhan\\BinarAcademy\\project-backend\\config\\config.js": {"path":"C:\\Users\\Farhan\\BinarAcademy\\project-backend\\config\\config.js","statementMap":{"0":{"start":{"line":1,"column":0},"end":{"line":1,"column":27}},"1":{"start":{"line":2,"column":0},"end":{"line":28,"column":2}}},"fnMap":{},"branchMap":{},"s":{"0":1,"1":1},"f":{},"b":{},"_coverageSchema":"1a1c01bbd47fc00a2c39e90264f33305004495a9","hash":"7c3a7b4f01aca9c6752c7f8b7f01f1516e787d0a"}
,"C:\\Users\\Farhan\\BinarAcademy\\project-backend\\controllers\\authController.js": {"path":"C:\\Users\\Farhan\\BinarAcademy\\project-backend\\controllers\\authController.js","statementMap":{"0":{"start":{"line":1,"column":12},"end":{"line":1,"column":35}},"1":{"start":{"line":2,"column":15},"end":{"line":2,"column":32}},"2":{"start":{"line":3,"column":15},"end":{"line":3,"column":32}},"3":{"start":{"line":4,"column":17},"end":{"line":4,"column":37}},"4":{"start":{"line":5,"column":15},"end":{"line":5,"column":35}},"5":{"start":{"line":6,"column":18},"end":{"line":6,"column":47}},"6":{"start":{"line":8,"column":23},"end":{"line":196,"column":1}},"7":{"start":{"line":10,"column":4},"end":{"line":25,"column":5}},"8":{"start":{"line":11,"column":34},"end":{"line":11,"column":42}},"9":{"start":{"line":12,"column":19},"end":{"line":12,"column":59}},"10":{"start":{"line":14,"column":6},"end":{"line":16,"column":7}},"11":{"start":{"line":15,"column":8},"end":{"line":15,"column":72}},"12":{"start":{"line":18,"column":20},"end":{"line":20,"column":8}},"13":{"start":{"line":21,"column":6},"end":{"line":21,"column":26}},"14":{"start":{"line":23,"column":6},"end":{"line":23,"column":43}},"15":{"start":{"line":24,"column":6},"end":{"line":24,"column":74}},"16":{"start":{"line":29,"column":4},"end":{"line":76,"column":5}},"17":{"start":{"line":30,"column":44},"end":{"line":30,"column":52}},"18":{"start":{"line":31,"column":29},"end":{"line":31,"column":60}},"19":{"start":{"line":34,"column":32},"end":{"line":34,"column":70}},"20":{"start":{"line":36,"column":19},"end":{"line":42,"column":8}},"21":{"start":{"line":45,"column":20},"end":{"line":47,"column":8}},"22":{"start":{"line":50,"column":30},"end":{"line":52,"column":53}},"23":{"start":{"line":55,"column":6},"end":{"line":59,"column":9}},"24":{"start":{"line":61,"column":6},"end":{"line":65,"column":9}},"25":{"start":{"line":67,"column":6},"end":{"line":67,"column":50}},"26":{"start":{"line":68,"column":6},"end":{"line":72,"column":7}},"27":{"start":{"line":69,"column":8},"end":{"line":71,"column":65}},"28":{"start":{"line":73,"column":6},"end":{"line":75,"column":68}},"29":{"start":{"line":80,"column":4},"end":{"line":113,"column":5}},"30":{"start":{"line":81,"column":6},"end":{"line":81,"column":68}},"31":{"start":{"line":82,"column":24},"end":{"line":82,"column":34}},"32":{"start":{"line":84,"column":6},"end":{"line":87,"column":7}},"33":{"start":{"line":85,"column":8},"end":{"line":85,"column":40}},"34":{"start":{"line":86,"column":8},"end":{"line":86,"column":70}},"35":{"start":{"line":89,"column":19},"end":{"line":89,"column":78}},"36":{"start":{"line":90,"column":6},"end":{"line":90,"column":67}},"37":{"start":{"line":92,"column":6},"end":{"line":95,"column":7}},"38":{"start":{"line":93,"column":8},"end":{"line":93,"column":37}},"39":{"start":{"line":94,"column":8},"end":{"line":94,"column":79}},"40":{"start":{"line":97,"column":6},"end":{"line":100,"column":7}},"41":{"start":{"line":98,"column":8},"end":{"line":98,"column":66}},"42":{"start":{"line":99,"column":8},"end":{"line":99,"column":76}},"43":{"start":{"line":102,"column":6},"end":{"line":102,"column":35}},"44":{"start":{"line":103,"column":6},"end":{"line":103,"column":36}},"45":{"start":{"line":104,"column":6},"end":{"line":104,"column":24}},"46":{"start":{"line":105,"column":6},"end":{"line":105,"column":44}},"47":{"start":{"line":107,"column":6},"end":{"line":107,"column":72}},"48":{"start":{"line":109,"column":6},"end":{"line":109,"column":56}},"49":{"start":{"line":110,"column":6},"end":{"line":112,"column":76}},"50":{"start":{"line":117,"column":22},"end":{"line":117,"column":30}},"51":{"start":{"line":120,"column":4},"end":{"line":164,"column":5}},"52":{"start":{"line":121,"column":6},"end":{"line":121,"column":54}},"53":{"start":{"line":123,"column":6},"end":{"line":125,"column":7}},"54":{"start":{"line":124,"column":8},"end":{"line":124,"column":67}},"55":{"start":{"line":127,"column":25},"end":{"line":127,"column":63}},"56":{"start":{"line":128,"column":33},"end":{"line":131,"column":22}},"57":{"start":{"line":133,"column":6},"end":{"line":133,"column":51}},"58":{"start":{"line":134,"column":6},"end":{"line":134,"column":55}},"59":{"start":{"line":135,"column":6},"end":{"line":135,"column":24}},"60":{"start":{"line":137,"column":23},"end":{"line":139,"column":49}},"61":{"start":{"line":141,"column":6},"end":{"line":145,"column":9}},"62":{"start":{"line":147,"column":6},"end":{"line":147,"column":69}},"63":{"start":{"line":149,"column":6},"end":{"line":149,"column":53}},"64":{"start":{"line":151,"column":6},"end":{"line":159,"column":7}},"65":{"start":{"line":152,"column":8},"end":{"line":152,"column":44}},"66":{"start":{"line":153,"column":8},"end":{"line":153,"column":46}},"67":{"start":{"line":154,"column":8},"end":{"line":158,"column":12}},"68":{"start":{"line":157,"column":12},"end":{"line":157,"column":67}},"69":{"start":{"line":161,"column":6},"end":{"line":163,"column":71}},"70":{"start":{"line":168,"column":4},"end":{"line":194,"column":5}},"71":{"start":{"line":169,"column":33},"end":{"line":172,"column":22}},"72":{"start":{"line":174,"column":19},"end":{"line":179,"column":8}},"73":{"start":{"line":181,"column":6},"end":{"line":183,"column":7}},"74":{"start":{"line":182,"column":8},"end":{"line":182,"column":77}},"75":{"start":{"line":185,"column":6},"end":{"line":185,"column":63}},"76":{"start":{"line":186,"column":6},"end":{"line":186,"column":42}},"77":{"start":{"line":187,"column":6},"end":{"line":187,"column":44}},"78":{"start":{"line":188,"column":6},"end":{"line":188,"column":24}},"79":{"start":{"line":190,"column":6},"end":{"line":190,"column":69}},"80":{"start":{"line":192,"column":6},"end":{"line":192,"column":52}},"81":{"start":{"line":193,"column":6},"end":{"line":193,"column":68}},"82":{"start":{"line":198,"column":0},"end":{"line":198,"column":32}}},"fnMap":{"0":{"name":"(anonymous_0)","decl":{"start":{"line":9,"column":2},"end":{"line":9,"column":3}},"loc":{"start":{"line":9,"column":24},"end":{"line":26,"column":3}},"line":9},"1":{"name":"(anonymous_1)","decl":{"start":{"line":28,"column":2},"end":{"line":28,"column":3}},"loc":{"start":{"line":28,"column":27},"end":{"line":77,"column":3}},"line":28},"2":{"name":"(anonymous_2)","decl":{"start":{"line":79,"column":2},"end":{"line":79,"column":3}},"loc":{"start":{"line":79,"column":31},"end":{"line":114,"column":3}},"line":79},"3":{"name":"(anonymous_3)","decl":{"start":{"line":116,"column":2},"end":{"line":116,"column":3}},"loc":{"start":{"line":116,"column":33},"end":{"line":165,"column":3}},"line":116},"4":{"name":"(anonymous_4)","decl":{"start":{"line":156,"column":17},"end":{"line":156,"column":18}},"loc":{"start":{"line":157,"column":12},"end":{"line":157,"column":67}},"line":157},"5":{"name":"(anonymous_5)","decl":{"start":{"line":167,"column":2},"end":{"line":167,"column":3}},"loc":{"start":{"line":167,"column":32},"end":{"line":195,"column":3}},"line":167}},"branchMap":{"0":{"loc":{"start":{"line":14,"column":6},"end":{"line":16,"column":7}},"type":"if","locations":[{"start":{"line":14,"column":6},"end":{"line":16,"column":7}},{"start":{},"end":{}}],"line":14},"1":{"loc":{"start":{"line":14,"column":10},"end":{"line":14,"column":67}},"type":"binary-expr","locations":[{"start":{"line":14,"column":10},"end":{"line":14,"column":15}},{"start":{"line":14,"column":19},"end":{"line":14,"column":67}}],"line":14},"2":{"loc":{"start":{"line":68,"column":6},"end":{"line":72,"column":7}},"type":"if","locations":[{"start":{"line":68,"column":6},"end":{"line":72,"column":7}},{"start":{},"end":{}}],"line":68},"3":{"loc":{"start":{"line":84,"column":6},"end":{"line":87,"column":7}},"type":"if","locations":[{"start":{"line":84,"column":6},"end":{"line":87,"column":7}},{"start":{},"end":{}}],"line":84},"4":{"loc":{"start":{"line":90,"column":33},"end":{"line":90,"column":65}},"type":"cond-expr","locations":[{"start":{"line":90,"column":40},"end":{"line":90,"column":47}},{"start":{"line":90,"column":50},"end":{"line":90,"column":65}}],"line":90},"5":{"loc":{"start":{"line":92,"column":6},"end":{"line":95,"column":7}},"type":"if","locations":[{"start":{"line":92,"column":6},"end":{"line":95,"column":7}},{"start":{},"end":{}}],"line":92},"6":{"loc":{"start":{"line":97,"column":6},"end":{"line":100,"column":7}},"type":"if","locations":[{"start":{"line":97,"column":6},"end":{"line":100,"column":7}},{"start":{},"end":{}}],"line":97},"7":{"loc":{"start":{"line":123,"column":6},"end":{"line":125,"column":7}},"type":"if","locations":[{"start":{"line":123,"column":6},"end":{"line":125,"column":7}},{"start":{},"end":{}}],"line":123},"8":{"loc":{"start":{"line":151,"column":6},"end":{"line":159,"column":7}},"type":"if","locations":[{"start":{"line":151,"column":6},"end":{"line":159,"column":7}},{"start":{},"end":{}}],"line":151},"9":{"loc":{"start":{"line":181,"column":6},"end":{"line":183,"column":7}},"type":"if","locations":[{"start":{"line":181,"column":6},"end":{"line":183,"column":7}},{"start":{},"end":{}}],"line":181}},"s":{"0":1,"1":1,"2":1,"3":1,"4":1,"5":1,"6":1,"7":2,"8":2,"9":2,"10":2,"11":1,"12":1,"13":1,"14":0,"15":0,"16":0,"17":0,"18":0,"19":0,"20":0,"21":0,"22":0,"23":0,"24":0,"25":0,"26":0,"27":0,"28":0,"29":0,"30":0,"31":0,"32":0,"33":0,"34":0,"35":0,"36":0,"37":0,"38":0,"39":0,"40":0,"41":0,"42":0,"43":0,"44":0,"45":0,"46":0,"47":0,"48":0,"49":0,"50":0,"51":0,"52":0,"53":0,"54":0,"55":0,"56":0,"57":0,"58":0,"59":0,"60":0,"61":0,"62":0,"63":0,"64":0,"65":0,"66":0,"67":0,"68":0,"69":0,"70":0,"71":0,"72":0,"73":0,"74":0,"75":0,"76":0,"77":0,"78":0,"79":0,"80":0,"81":0,"82":1},"f":{"0":2,"1":0,"2":0,"3":0,"4":0,"5":0},"b":{"0":[1,1],"1":[2,2],"2":[0,0],"3":[0,0],"4":[0,0],"5":[0,0],"6":[0,0],"7":[0,0],"8":[0,0],"9":[0,0]},"_coverageSchema":"1a1c01bbd47fc00a2c39e90264f33305004495a9","hash":"59094d3cb304b7910fee0eb90fcdf7812fc1b2e0"}
,"C:\\Users\\Farhan\\BinarAcademy\\project-backend\\controllers\\userController.js": {"path":"C:\\Users\\Farhan\\BinarAcademy\\project-backend\\controllers\\userController.js","statementMap":{"0":{"start":{"line":1,"column":17},"end":{"line":1,"column":37}},"1":{"start":{"line":2,"column":15},"end":{"line":2,"column":32}},"2":{"start":{"line":4,"column":23},"end":{"line":102,"column":1}},"3":{"start":{"line":6,"column":4},"end":{"line":11,"column":5}},"4":{"start":{"line":7,"column":20},"end":{"line":7,"column":40}},"5":{"start":{"line":8,"column":6},"end":{"line":8,"column":22}},"6":{"start":{"line":10,"column":6},"end":{"line":10,"column":55}},"7":{"start":{"line":15,"column":4},"end":{"line":24,"column":5}},"8":{"start":{"line":16,"column":19},"end":{"line":16,"column":53}},"9":{"start":{"line":17,"column":6},"end":{"line":21,"column":7}},"10":{"start":{"line":18,"column":8},"end":{"line":18,"column":23}},"11":{"start":{"line":20,"column":8},"end":{"line":20,"column":60}},"12":{"start":{"line":23,"column":6},"end":{"line":23,"column":55}},"13":{"start":{"line":64,"column":4},"end":{"line":85,"column":5}},"14":{"start":{"line":65,"column":43},"end":{"line":65,"column":51}},"15":{"start":{"line":66,"column":25},"end":{"line":66,"column":43}},"16":{"start":{"line":68,"column":6},"end":{"line":71,"column":7}},"17":{"start":{"line":70,"column":8},"end":{"line":70,"column":64}},"18":{"start":{"line":73,"column":24},"end":{"line":75,"column":8}},"19":{"start":{"line":77,"column":6},"end":{"line":82,"column":7}},"20":{"start":{"line":78,"column":28},"end":{"line":78,"column":62}},"21":{"start":{"line":79,"column":8},"end":{"line":79,"column":30}},"22":{"start":{"line":81,"column":8},"end":{"line":81,"column":60}},"23":{"start":{"line":84,"column":6},"end":{"line":84,"column":55}},"24":{"start":{"line":89,"column":4},"end":{"line":100,"column":5}},"25":{"start":{"line":90,"column":22},"end":{"line":92,"column":8}},"26":{"start":{"line":93,"column":6},"end":{"line":97,"column":7}},"27":{"start":{"line":94,"column":8},"end":{"line":94,"column":31}},"28":{"start":{"line":96,"column":8},"end":{"line":96,"column":60}},"29":{"start":{"line":99,"column":6},"end":{"line":99,"column":55}},"30":{"start":{"line":104,"column":0},"end":{"line":104,"column":32}}},"fnMap":{"0":{"name":"(anonymous_0)","decl":{"start":{"line":5,"column":2},"end":{"line":5,"column":3}},"loc":{"start":{"line":5,"column":30},"end":{"line":12,"column":3}},"line":5},"1":{"name":"(anonymous_1)","decl":{"start":{"line":14,"column":2},"end":{"line":14,"column":3}},"loc":{"start":{"line":14,"column":30},"end":{"line":25,"column":3}},"line":14},"2":{"name":"(anonymous_2)","decl":{"start":{"line":63,"column":2},"end":{"line":63,"column":3}},"loc":{"start":{"line":63,"column":29},"end":{"line":86,"column":3}},"line":63},"3":{"name":"(anonymous_3)","decl":{"start":{"line":88,"column":2},"end":{"line":88,"column":3}},"loc":{"start":{"line":88,"column":29},"end":{"line":101,"column":3}},"line":88}},"branchMap":{"0":{"loc":{"start":{"line":17,"column":6},"end":{"line":21,"column":7}},"type":"if","locations":[{"start":{"line":17,"column":6},"end":{"line":21,"column":7}},{"start":{"line":19,"column":13},"end":{"line":21,"column":7}}],"line":17},"1":{"loc":{"start":{"line":68,"column":6},"end":{"line":71,"column":7}},"type":"if","locations":[{"start":{"line":68,"column":6},"end":{"line":71,"column":7}},{"start":{},"end":{}}],"line":68},"2":{"loc":{"start":{"line":77,"column":6},"end":{"line":82,"column":7}},"type":"if","locations":[{"start":{"line":77,"column":6},"end":{"line":82,"column":7}},{"start":{"line":80,"column":13},"end":{"line":82,"column":7}}],"line":77},"3":{"loc":{"start":{"line":93,"column":6},"end":{"line":97,"column":7}},"type":"if","locations":[{"start":{"line":93,"column":6},"end":{"line":97,"column":7}},{"start":{"line":95,"column":13},"end":{"line":97,"column":7}}],"line":93}},"s":{"0":1,"1":1,"2":1,"3":0,"4":0,"5":0,"6":0,"7":0,"8":0,"9":0,"10":0,"11":0,"12":0,"13":0,"14":0,"15":0,"16":0,"17":0,"18":0,"19":0,"20":0,"21":0,"22":0,"23":0,"24":0,"25":0,"26":0,"27":0,"28":0,"29":0,"30":1},"f":{"0":0,"1":0,"2":0,"3":0},"b":{"0":[0,0],"1":[0,0],"2":[0,0],"3":[0,0]},"_coverageSchema":"1a1c01bbd47fc00a2c39e90264f33305004495a9","hash":"7358f0c4e3e7b8c8ba29acc07ed42162708202d8"}
,"C:\\Users\\Farhan\\BinarAcademy\\project-backend\\controllers\\userProfileController.js": {"path":"C:\\Users\\Farhan\\BinarAcademy\\project-backend\\controllers\\userProfileController.js","statementMap":{"0":{"start":{"line":1,"column":30},"end":{"line":1,"column":50}},"1":{"start":{"line":3,"column":30},"end":{"line":99,"column":1}},"2":{"start":{"line":5,"column":4},"end":{"line":15,"column":5}},"3":{"start":{"line":6,"column":23},"end":{"line":8,"column":8}},"4":{"start":{"line":9,"column":6},"end":{"line":9,"column":25}},"5":{"start":{"line":11,"column":6},"end":{"line":11,"column":60}},"6":{"start":{"line":12,"column":6},"end":{"line":14,"column":77}},"7":{"start":{"line":19,"column":4},"end":{"line":36,"column":5}},"8":{"start":{"line":20,"column":21},"end":{"line":20,"column":31}},"9":{"start":{"line":21,"column":22},"end":{"line":24,"column":8}},"10":{"start":{"line":26,"column":6},"end":{"line":28,"column":7}},"11":{"start":{"line":27,"column":8},"end":{"line":27,"column":75}},"12":{"start":{"line":30,"column":6},"end":{"line":30,"column":24}},"13":{"start":{"line":32,"column":6},"end":{"line":32,"column":59}},"14":{"start":{"line":33,"column":6},"end":{"line":35,"column":76}},"15":{"start":{"line":40,"column":4},"end":{"line":56,"column":5}},"16":{"start":{"line":41,"column":41},"end":{"line":41,"column":49}},"17":{"start":{"line":44,"column":19},"end":{"line":44,"column":46}},"18":{"start":{"line":45,"column":6},"end":{"line":47,"column":7}},"19":{"start":{"line":46,"column":8},"end":{"line":46,"column":67}},"20":{"start":{"line":49,"column":22},"end":{"line":49,"column":74}},"21":{"start":{"line":50,"column":6},"end":{"line":50,"column":36}},"22":{"start":{"line":52,"column":6},"end":{"line":52,"column":59}},"23":{"start":{"line":53,"column":6},"end":{"line":55,"column":76}},"24":{"start":{"line":60,"column":4},"end":{"line":78,"column":5}},"25":{"start":{"line":61,"column":21},"end":{"line":61,"column":31}},"26":{"start":{"line":62,"column":33},"end":{"line":62,"column":41}},"27":{"start":{"line":64,"column":22},"end":{"line":64,"column":52}},"28":{"start":{"line":65,"column":6},"end":{"line":67,"column":7}},"29":{"start":{"line":66,"column":8},"end":{"line":66,"column":75}},"30":{"start":{"line":69,"column":6},"end":{"line":69,"column":46}},"31":{"start":{"line":70,"column":6},"end":{"line":70,"column":27}},"32":{"start":{"line":72,"column":6},"end":{"line":72,"column":24}},"33":{"start":{"line":74,"column":6},"end":{"line":74,"column":59}},"34":{"start":{"line":75,"column":6},"end":{"line":77,"column":76}},"35":{"start":{"line":82,"column":4},"end":{"line":97,"column":5}},"36":{"start":{"line":83,"column":21},"end":{"line":83,"column":31}},"37":{"start":{"line":85,"column":22},"end":{"line":85,"column":52}},"38":{"start":{"line":86,"column":6},"end":{"line":88,"column":7}},"39":{"start":{"line":87,"column":8},"end":{"line":87,"column":75}},"40":{"start":{"line":90,"column":6},"end":{"line":90,"column":30}},"41":{"start":{"line":91,"column":6},"end":{"line":91,"column":65}},"42":{"start":{"line":93,"column":6},"end":{"line":93,"column":59}},"43":{"start":{"line":94,"column":6},"end":{"line":96,"column":76}},"44":{"start":{"line":101,"column":0},"end":{"line":101,"column":39}}},"fnMap":{"0":{"name":"(anonymous_0)","decl":{"start":{"line":4,"column":2},"end":{"line":4,"column":3}},"loc":{"start":{"line":4,"column":37},"end":{"line":16,"column":3}},"line":4},"1":{"name":"(anonymous_1)","decl":{"start":{"line":18,"column":2},"end":{"line":18,"column":3}},"loc":{"start":{"line":18,"column":37},"end":{"line":37,"column":3}},"line":18},"2":{"name":"(anonymous_2)","decl":{"start":{"line":39,"column":2},"end":{"line":39,"column":3}},"loc":{"start":{"line":39,"column":36},"end":{"line":57,"column":3}},"line":39},"3":{"name":"(anonymous_3)","decl":{"start":{"line":59,"column":2},"end":{"line":59,"column":3}},"loc":{"start":{"line":59,"column":36},"end":{"line":79,"column":3}},"line":59},"4":{"name":"(anonymous_4)","decl":{"start":{"line":81,"column":2},"end":{"line":81,"column":3}},"loc":{"start":{"line":81,"column":36},"end":{"line":98,"column":3}},"line":81}},"branchMap":{"0":{"loc":{"start":{"line":26,"column":6},"end":{"line":28,"column":7}},"type":"if","locations":[{"start":{"line":26,"column":6},"end":{"line":28,"column":7}},{"start":{},"end":{}}],"line":26},"1":{"loc":{"start":{"line":45,"column":6},"end":{"line":47,"column":7}},"type":"if","locations":[{"start":{"line":45,"column":6},"end":{"line":47,"column":7}},{"start":{},"end":{}}],"line":45},"2":{"loc":{"start":{"line":65,"column":6},"end":{"line":67,"column":7}},"type":"if","locations":[{"start":{"line":65,"column":6},"end":{"line":67,"column":7}},{"start":{},"end":{}}],"line":65},"3":{"loc":{"start":{"line":86,"column":6},"end":{"line":88,"column":7}},"type":"if","locations":[{"start":{"line":86,"column":6},"end":{"line":88,"column":7}},{"start":{},"end":{}}],"line":86}},"s":{"0":1,"1":1,"2":0,"3":0,"4":0,"5":0,"6":0,"7":0,"8":0,"9":0,"10":0,"11":0,"12":0,"13":0,"14":0,"15":0,"16":0,"17":0,"18":0,"19":0,"20":0,"21":0,"22":0,"23":0,"24":0,"25":0,"26":0,"27":0,"28":0,"29":0,"30":0,"31":0,"32":0,"33":0,"34":0,"35":0,"36":0,"37":0,"38":0,"39":0,"40":0,"41":0,"42":0,"43":0,"44":1},"f":{"0":0,"1":0,"2":0,"3":0,"4":0},"b":{"0":[0,0],"1":[0,0],"2":[0,0],"3":[0,0]},"_coverageSchema":"1a1c01bbd47fc00a2c39e90264f33305004495a9","hash":"d175e595e533c50510879708b3bb15bf0b23979a"}
,"C:\\Users\\Farhan\\BinarAcademy\\project-backend\\middleware\\validateMiddleware.js": {"path":"C:\\Users\\Farhan\\BinarAcademy\\project-backend\\middleware\\validateMiddleware.js","statementMap":{"0":{"start":{"line":1,"column":29},"end":{"line":1,"column":57}},"1":{"start":{"line":3,"column":17},"end":{"line":12,"column":1}},"2":{"start":{"line":4,"column":2},"end":{"line":11,"column":4}},"3":{"start":{"line":5,"column":4},"end":{"line":5,"column":76}},"4":{"start":{"line":5,"column":54},"end":{"line":5,"column":73}},"5":{"start":{"line":6,"column":19},"end":{"line":6,"column":40}},"6":{"start":{"line":7,"column":4},"end":{"line":9,"column":5}},"7":{"start":{"line":8,"column":6},"end":{"line":8,"column":62}},"8":{"start":{"line":10,"column":4},"end":{"line":10,"column":11}},"9":{"start":{"line":14,"column":0},"end":{"line":16,"column":2}}},"fnMap":{"0":{"name":"(anonymous_0)","decl":{"start":{"line":3,"column":17},"end":{"line":3,"column":18}},"loc":{"start":{"line":3,"column":34},"end":{"line":12,"column":1}},"line":3},"1":{"name":"(anonymous_1)","decl":{"start":{"line":4,"column":9},"end":{"line":4,"column":10}},"loc":{"start":{"line":4,"column":35},"end":{"line":11,"column":3}},"line":4},"2":{"name":"(anonymous_2)","decl":{"start":{"line":5,"column":38},"end":{"line":5,"column":39}},"loc":{"start":{"line":5,"column":54},"end":{"line":5,"column":73}},"line":5}},"branchMap":{"0":{"loc":{"start":{"line":7,"column":4},"end":{"line":9,"column":5}},"type":"if","locations":[{"start":{"line":7,"column":4},"end":{"line":9,"column":5}},{"start":{},"end":{}}],"line":7}},"s":{"0":1,"1":1,"2":5,"3":3,"4":6,"5":3,"6":3,"7":1,"8":2,"9":1},"f":{"0":5,"1":3,"2":6},"b":{"0":[1,2]},"_coverageSchema":"1a1c01bbd47fc00a2c39e90264f33305004495a9","hash":"3103960a376eff9a5f8bb331c6137d9b20f4bdbc"}
,"C:\\Users\\Farhan\\BinarAcademy\\project-backend\\models\\index.js": {"path":"C:\\Users\\Farhan\\BinarAcademy\\project-backend\\models\\index.js","statementMap":{"0":{"start":{"line":3,"column":11},"end":{"line":3,"column":24}},"1":{"start":{"line":4,"column":13},"end":{"line":4,"column":28}},"2":{"start":{"line":5,"column":18},"end":{"line":5,"column":38}},"3":{"start":{"line":6,"column":16},"end":{"line":6,"column":34}},"4":{"start":{"line":7,"column":17},"end":{"line":7,"column":42}},"5":{"start":{"line":8,"column":12},"end":{"line":8,"column":49}},"6":{"start":{"line":9,"column":15},"end":{"line":9,"column":63}},"7":{"start":{"line":10,"column":11},"end":{"line":10,"column":13}},"8":{"start":{"line":13,"column":0},"end":{"line":22,"column":1}},"9":{"start":{"line":14,"column":2},"end":{"line":14,"column":74}},"10":{"start":{"line":16,"column":2},"end":{"line":21,"column":4}},"11":{"start":{"line":24,"column":0},"end":{"line":39,"column":5}},"12":{"start":{"line":26,"column":4},"end":{"line":31,"column":6}},"13":{"start":{"line":34,"column":18},"end":{"line":37,"column":5}},"14":{"start":{"line":38,"column":4},"end":{"line":38,"column":27}},"15":{"start":{"line":41,"column":0},"end":{"line":45,"column":3}},"16":{"start":{"line":42,"column":2},"end":{"line":44,"column":3}},"17":{"start":{"line":43,"column":4},"end":{"line":43,"column":32}},"18":{"start":{"line":47,"column":0},"end":{"line":47,"column":25}},"19":{"start":{"line":48,"column":0},"end":{"line":48,"column":25}},"20":{"start":{"line":50,"column":0},"end":{"line":50,"column":20}}},"fnMap":{"0":{"name":"(anonymous_0)","decl":{"start":{"line":25,"column":10},"end":{"line":25,"column":11}},"loc":{"start":{"line":25,"column":20},"end":{"line":32,"column":3}},"line":25},"1":{"name":"(anonymous_1)","decl":{"start":{"line":33,"column":11},"end":{"line":33,"column":12}},"loc":{"start":{"line":33,"column":21},"end":{"line":39,"column":3}},"line":33},"2":{"name":"(anonymous_2)","decl":{"start":{"line":41,"column":24},"end":{"line":41,"column":25}},"loc":{"start":{"line":41,"column":39},"end":{"line":45,"column":1}},"line":41}},"branchMap":{"0":{"loc":{"start":{"line":8,"column":12},"end":{"line":8,"column":49}},"type":"binary-expr","locations":[{"start":{"line":8,"column":12},"end":{"line":8,"column":32}},{"start":{"line":8,"column":36},"end":{"line":8,"column":49}}],"line":8},"1":{"loc":{"start":{"line":13,"column":0},"end":{"line":22,"column":1}},"type":"if","locations":[{"start":{"line":13,"column":0},"end":{"line":22,"column":1}},{"start":{"line":15,"column":7},"end":{"line":22,"column":1}}],"line":13},"2":{"loc":{"start":{"line":27,"column":6},"end":{"line":30,"column":37}},"type":"binary-expr","locations":[{"start":{"line":27,"column":6},"end":{"line":27,"column":29}},{"start":{"line":28,"column":6},"end":{"line":28,"column":23}},{"start":{"line":29,"column":6},"end":{"line":29,"column":30}},{"start":{"line":30,"column":6},"end":{"line":30,"column":37}}],"line":27},"3":{"loc":{"start":{"line":42,"column":2},"end":{"line":44,"column":3}},"type":"if","locations":[{"start":{"line":42,"column":2},"end":{"line":44,"column":3}},{"start":{},"end":{}}],"line":42}},"s":{"0":1,"1":1,"2":1,"3":1,"4":1,"5":1,"6":1,"7":1,"8":1,"9":0,"10":1,"11":1,"12":3,"13":2,"14":2,"15":1,"16":2,"17":2,"18":1,"19":1,"20":1},"f":{"0":3,"1":2,"2":2},"b":{"0":[1,0],"1":[0,1],"2":[3,3,2,2],"3":[2,0]},"_coverageSchema":"1a1c01bbd47fc00a2c39e90264f33305004495a9","hash":"3564c7b75770c33f4bf3b1a24c814c513b881dfe"}
,"C:\\Users\\Farhan\\BinarAcademy\\project-backend\\models\\user.js": {"path":"C:\\Users\\Farhan\\BinarAcademy\\project-backend\\models\\user.js","statementMap":{"0":{"start":{"line":2,"column":18},"end":{"line":2,"column":38}},"1":{"start":{"line":3,"column":0},"end":{"line":54,"column":2}},"2":{"start":{"line":6,"column":6},"end":{"line":9,"column":9}},"3":{"start":{"line":12,"column":2},"end":{"line":52,"column":4}},"4":{"start":{"line":53,"column":2},"end":{"line":53,"column":14}}},"fnMap":{"0":{"name":"(anonymous_0)","decl":{"start":{"line":3,"column":17},"end":{"line":3,"column":18}},"loc":{"start":{"line":3,"column":43},"end":{"line":54,"column":1}},"line":3},"1":{"name":"(anonymous_1)","decl":{"start":{"line":5,"column":4},"end":{"line":5,"column":5}},"loc":{"start":{"line":5,"column":29},"end":{"line":10,"column":5}},"line":5}},"branchMap":{},"s":{"0":1,"1":1,"2":1,"3":1,"4":1},"f":{"0":1,"1":1},"b":{},"_coverageSchema":"1a1c01bbd47fc00a2c39e90264f33305004495a9","hash":"cb8e59cdb8676b346e90575d27f2d0b1dd48b5f1"}
,"C:\\Users\\Farhan\\BinarAcademy\\project-backend\\models\\userProfile.js": {"path":"C:\\Users\\Farhan\\BinarAcademy\\project-backend\\models\\userProfile.js","statementMap":{"0":{"start":{"line":2,"column":18},"end":{"line":2,"column":38}},"1":{"start":{"line":3,"column":0},"end":{"line":33,"column":2}},"2":{"start":{"line":6,"column":6},"end":{"line":9,"column":9}},"3":{"start":{"line":12,"column":2},"end":{"line":31,"column":4}},"4":{"start":{"line":32,"column":2},"end":{"line":32,"column":21}}},"fnMap":{"0":{"name":"(anonymous_0)","decl":{"start":{"line":3,"column":17},"end":{"line":3,"column":18}},"loc":{"start":{"line":3,"column":43},"end":{"line":33,"column":1}},"line":3},"1":{"name":"(anonymous_1)","decl":{"start":{"line":5,"column":4},"end":{"line":5,"column":5}},"loc":{"start":{"line":5,"column":29},"end":{"line":10,"column":5}},"line":5}},"branchMap":{},"s":{"0":1,"1":1,"2":1,"3":1,"4":1},"f":{"0":1,"1":1},"b":{},"_coverageSchema":"1a1c01bbd47fc00a2c39e90264f33305004495a9","hash":"a58a38f7aa09560c9fe4f07370f9c6201e212410"}
,"C:\\Users\\Farhan\\BinarAcademy\\project-backend\\routes\\userProfileRoutes.js": {"path":"C:\\Users\\Farhan\\BinarAcademy\\project-backend\\routes\\userProfileRoutes.js","statementMap":{"0":{"start":{"line":1,"column":16},"end":{"line":1,"column":34}},"1":{"start":{"line":2,"column":15},"end":{"line":2,"column":31}},"2":{"start":{"line":3,"column":30},"end":{"line":3,"column":77}},"3":{"start":{"line":15,"column":0},"end":{"line":15,"column":58}},"4":{"start":{"line":36,"column":0},"end":{"line":36,"column":61}},"5":{"start":{"line":63,"column":0},"end":{"line":63,"column":58}},"6":{"start":{"line":94,"column":0},"end":{"line":94,"column":60}},"7":{"start":{"line":115,"column":0},"end":{"line":115,"column":63}},"8":{"start":{"line":117,"column":0},"end":{"line":117,"column":24}}},"fnMap":{},"branchMap":{},"s":{"0":1,"1":1,"2":1,"3":1,"4":1,"5":1,"6":1,"7":1,"8":1},"f":{},"b":{},"_coverageSchema":"1a1c01bbd47fc00a2c39e90264f33305004495a9","hash":"cfe03669bb074d075dff395d64e6db03561ee4ed"}
,"C:\\Users\\Farhan\\BinarAcademy\\project-backend\\routes\\userRoutes.js": {"path":"C:\\Users\\Farhan\\BinarAcademy\\project-backend\\routes\\userRoutes.js","statementMap":{"0":{"start":{"line":1,"column":16},"end":{"line":1,"column":34}},"1":{"start":{"line":2,"column":15},"end":{"line":2,"column":31}},"2":{"start":{"line":3,"column":23},"end":{"line":3,"column":63}},"3":{"start":{"line":4,"column":23},"end":{"line":4,"column":63}},"4":{"start":{"line":10,"column":4},"end":{"line":10,"column":44}},"5":{"start":{"line":11,"column":21},"end":{"line":11,"column":64}},"6":{"start":{"line":36,"column":0},"end":{"line":36,"column":44}},"7":{"start":{"line":57,"column":0},"end":{"line":57,"column":47}},"8":{"start":{"line":97,"column":0},"end":{"line":97,"column":46}},"9":{"start":{"line":118,"column":0},"end":{"line":118,"column":49}},"10":{"start":{"line":148,"column":0},"end":{"line":152,"column":2}},"11":{"start":{"line":187,"column":0},"end":{"line":187,"column":76}},"12":{"start":{"line":208,"column":0},"end":{"line":208,"column":70}},"13":{"start":{"line":234,"column":0},"end":{"line":238,"column":2}},"14":{"start":{"line":269,"column":0},"end":{"line":273,"column":2}},"15":{"start":{"line":303,"column":0},"end":{"line":307,"column":2}},"16":{"start":{"line":309,"column":0},"end":{"line":309,"column":24}}},"fnMap":{},"branchMap":{},"s":{"0":1,"1":1,"2":1,"3":1,"4":1,"5":1,"6":1,"7":1,"8":1,"9":1,"10":1,"11":1,"12":1,"13":1,"14":1,"15":1,"16":1},"f":{},"b":{},"_coverageSchema":"1a1c01bbd47fc00a2c39e90264f33305004495a9","hash":"4ea531a3a2ac2790820b166216734761425816e5"}
,"C:\\Users\\Farhan\\BinarAcademy\\project-backend\\utils\\sendEmail.js": {"path":"C:\\Users\\Farhan\\BinarAcademy\\project-backend\\utils\\sendEmail.js","statementMap":{"0":{"start":{"line":1,"column":19},"end":{"line":1,"column":40}},"1":{"start":{"line":2,"column":0},"end":{"line":2,"column":27}},"2":{"start":{"line":4,"column":18},"end":{"line":36,"column":1}},"3":{"start":{"line":6,"column":22},"end":{"line":17,"column":4}},"4":{"start":{"line":20,"column":22},"end":{"line":25,"column":3}},"5":{"start":{"line":28,"column":2},"end":{"line":35,"column":3}},"6":{"start":{"line":29,"column":4},"end":{"line":29,"column":44}},"7":{"start":{"line":30,"column":4},"end":{"line":30,"column":43}},"8":{"start":{"line":32,"column":4},"end":{"line":32,"column":57}},"9":{"start":{"line":33,"column":4},"end":{"line":33,"column":47}},"10":{"start":{"line":34,"column":4},"end":{"line":34,"column":47}},"11":{"start":{"line":38,"column":0},"end":{"line":38,"column":27}}},"fnMap":{"0":{"name":"(anonymous_0)","decl":{"start":{"line":4,"column":18},"end":{"line":4,"column":19}},"loc":{"start":{"line":4,"column":37},"end":{"line":36,"column":1}},"line":4}},"branchMap":{},"s":{"0":1,"1":1,"2":1,"3":0,"4":0,"5":0,"6":0,"7":0,"8":0,"9":0,"10":0,"11":1},"f":{"0":0},"b":{},"_coverageSchema":"1a1c01bbd47fc00a2c39e90264f33305004495a9","hash":"66d21b58945d5472371df6a2b20eff3c6e1bb9c6"}
,"C:\\Users\\Farhan\\BinarAcademy\\project-backend\\validations\\userValidation.js": {"path":"C:\\Users\\Farhan\\BinarAcademy\\project-backend\\validations\\userValidation.js","statementMap":{"0":{"start":{"line":1,"column":17},"end":{"line":1,"column":45}},"1":{"start":{"line":3,"column":27},"end":{"line":15,"column":1}},"2":{"start":{"line":17,"column":24},"end":{"line":20,"column":1}},"3":{"start":{"line":22,"column":33},"end":{"line":24,"column":1}},"4":{"start":{"line":26,"column":32},"end":{"line":32,"column":1}},"5":{"start":{"line":34,"column":0},"end":{"line":39,"column":2}}},"fnMap":{},"branchMap":{},"s":{"0":1,"1":1,"2":1,"3":1,"4":1,"5":1},"f":{},"b":{},"_coverageSchema":"1a1c01bbd47fc00a2c39e90264f33305004495a9","hash":"1a2f6bbe2719159e56176e5dee8804410dc3ac4b"}
}
